<?xml version="1.0" encoding="UTF-8"?>
<!-- Generated by org.testng.reporters.JUnitReportReporter -->
<testsuite skipped="0" hostname="hp-PC" name="com.abc.magento.MagentoTest" tests="1" failures="0" timestamp="13 Dec 2018 16:18:41 GMT" time="65.579" errors="0">
  <testcase name="Test" time="65.579" classname="com.abc.magento.MagentoTest"/>
</testsuite> <!-- com.abc.magento.MagentoTest -->
