<?xml version="1.0" encoding="UTF-8"?>
<!-- Generated by org.testng.reporters.JUnitReportReporter -->
<testsuite skipped="0" hostname="hp-PC" name="com.abc.sampleapp.PriorityApp" tests="5" failures="0" timestamp="14 Dec 2018 04:29:01 GMT" time="0.079" errors="0">
  <testcase name="d_method" time="0.009" classname="com.abc.sampleapp.PriorityApp"/>
  <testcase name="c_method" time="0.035" classname="com.abc.sampleapp.PriorityApp"/>
  <testcase name="a_method" time="0.013" classname="com.abc.sampleapp.PriorityApp"/>
  <testcase name="b_method" time="0.011" classname="com.abc.sampleapp.PriorityApp"/>
  <testcase name="e_method" time="0.011" classname="com.abc.sampleapp.PriorityApp"/>
</testsuite> <!-- com.abc.sampleapp.PriorityApp -->
