<?xml version="1.0" encoding="UTF-8"?>
<!-- Generated by org.testng.reporters.JUnitReportReporter -->
<testsuite skipped="0" hostname="hp-PC" name="com.abc.sampleapp.SampleApp" tests="2" failures="0" timestamp="14 Dec 2018 03:48:09 GMT" time="0.015" errors="0">
  <testcase name="test2" time="0.007" classname="com.abc.sampleapp.SampleApp"/>
  <testcase name="test1" time="0.008" classname="com.abc.sampleapp.SampleApp"/>
</testsuite> <!-- com.abc.sampleapp.SampleApp -->
